# JRE version: 7.0_17-b02
# Java VM: Java HotSpot(TM) 64-Bit Server VM (23.7-b01 mixed mode bsd-amd64 compressed oops)
Heap
 PSYoungGen      total 335168K, used 201973K [0x000000015c700000, 0x0000000176190000, 0x0000000184f00000)
  eden space 334912K, 60% used [0x000000015c700000,0x0000000168c05770,0x0000000170e10000)
  from space 256K, 87% used [0x0000000176150000,0x0000000176188000,0x0000000176190000)
  to   space 9856K, 0% used [0x0000000174e50000,0x0000000174e50000,0x00000001757f0000)
 ParOldGen       total 302272K, used 247625K [0x000000010b700000, 0x000000011de30000, 0x000000015c700000)
  object space 302272K, 81% used [0x000000010b700000,0x000000011a8d2650,0x000000011de30000)
 PSPermGen       total 49152K, used 34503K [0x0000000106500000, 0x0000000109500000, 0x000000010b700000)
  object space 49152K, 70% used [0x0000000106500000,0x00000001086b1ef0,0x0000000109500000)
GC Heap History (10 events):
Event: 403099.335 GC heap before
{Heap before GC invocations=273933 (full 11):
 PSYoungGen      total 415040K, used 403040K [0x000000015c700000, 0x00000001781d0000, 0x0000000184f00000)
  eden space 402880K, 100% used [0x000000015c700000,0x0000000175070000,0x0000000175070000)
  from space 12160K, 1% used [0x0000000176a20000,0x0000000176a48000,0x0000000177600000)
  to   space 11904K, 0% used [0x0000000177630000,0x0000000177630000,0x00000001781d0000)
 ParOldGen       total 302272K, used 247625K [0x000000010b700000, 0x000000011de30000, 0x000000015c700000)
  object space 302272K, 81% used [0x000000010b700000,0x000000011a8d2650,0x000000011de30000)
 PSPermGen       total 49152K, used 34497K [0x0000000106500000, 0x0000000109500000, 0x000000010b700000)
  object space 49152K, 70% used [0x0000000106500000,0x00000001086b0680,0x0000000109500000)
Event: 403099.338 GC heap after
Heap after GC invocations=273933 (full 11):
 PSYoungGen      total 388032K, used 64K [0x000000015c700000, 0x0000000177640000, 0x0000000184f00000)
  eden space 387968K, 0% used [0x000000015c700000,0x000000015c700000,0x00000001741e0000)
  from space 64K, 100% used [0x0000000177630000,0x0000000177640000,0x0000000177640000)
  to   space 11584K, 0% used [0x0000000175fa0000,0x0000000175fa0000,0x0000000176af0000)
 ParOldGen       total 302272K, used 247625K [0x000000010b700000, 0x000000011de30000, 0x000000015c700000)
  object space 302272K, 81% used [0x000000010b700000,0x000000011a8d2650,0x000000011de30000)
 PSPermGen       total 49152K, used 34497K [0x0000000106500000, 0x0000000109500000, 0x000000010b700000)
  object space 49152K, 70% used [0x0000000106500000,0x00000001086b0680,0x0000000109500000)
}
Event: 403125.381 GC heap before
{Heap before GC invocations=273934 (full 11):
 PSYoungGen      total 388032K, used 388032K [0x000000015c700000, 0x0000000177640000, 0x0000000184f00000)
  eden space 387968K, 100% used [0x000000015c700000,0x00000001741e0000,0x00000001741e0000)
  from space 64K, 100% used [0x0000000177630000,0x0000000177640000,0x0000000177640000)
  to   space 11584K, 0% used [0x0000000175fa0000,0x0000000175fa0000,0x0000000176af0000)
 ParOldGen       total 302272K, used 247625K [0x000000010b700000, 0x000000011de30000, 0x000000015c700000)
  object space 302272K, 81% used [0x000000010b700000,0x000000011a8d2650,0x000000011de30000)
 PSPermGen       total 49152K, used 34497K [0x0000000106500000, 0x0000000109500000, 0x000000010b700000)
  object space 49152K, 70% used [0x0000000106500000,0x00000001086b0680,0x0000000109500000)
Event: 403125.383 GC heap after
Heap after GC invocations=273934 (full 11):
 PSYoungGen      total 385344K, used 96K [0x000000015c700000, 0x0000000177640000, 0x0000000184f00000)
  eden space 373760K, 0% used [0x000000015c700000,0x000000015c700000,0x0000000173400000)
  from space 11584K, 0% used [0x0000000175fa0000,0x0000000175fb8000,0x0000000176af0000)
  to   space 11200K, 0% used [0x0000000176b50000,0x0000000176b50000,0x0000000177640000)
 ParOldGen       total 302272K, used 247625K [0x000000010b700000, 0x000000011de30000, 0x000000015c700000)
  object space 302272K, 81% used [0x000000010b700000,0x000000011a8d2650,0x000000011de30000)
 PSPermGen       total 49152K, used 34497K [0x0000000106500000, 0x0000000109500000, 0x000000010b700000)
  object space 49152K, 70% used [0x0000000106500000,0x00000001086b0680,0x0000000109500000)
}
Event: 403150.463 GC heap before
{Heap before GC invocations=273935 (full 11):
 PSYoungGen      total 385344K, used 373856K [0x000000015c700000, 0x0000000177640000, 0x0000000184f00000)
  eden space 373760K, 100% used [0x000000015c700000,0x0000000173400000,0x0000000173400000)
  from space 11584K, 0% used [0x0000000175fa0000,0x0000000175fb8000,0x0000000176af0000)
  to   space 11200K, 0% used [0x0000000176b50000,0x0000000176b50000,0x0000000177640000)
 ParOldGen       total 302272K, used 247625K [0x000000010b700000, 0x000000011de30000, 0x000000015c700000)
  object space 302272K, 81% used [0x000000010b700000,0x000000011a8d2650,0x000000011de30000)
 PSPermGen       total 49152K, used 34497K [0x0000000106500000, 0x0000000109500000, 0x000000010b700000)
  object space 49152K, 70% used [0x0000000106500000,0x00000001086b0680,0x0000000109500000)
Event: 403150.466 GC heap after
Heap after GC invocations=273935 (full 11):
 PSYoungGen      total 360448K, used 224K [0x000000015c700000, 0x0000000176b90000, 0x0000000184f00000)
  eden space 360192K, 0% used [0x000000015c700000,0x000000015c700000,0x00000001726c0000)
  from space 256K, 87% used [0x0000000176b50000,0x0000000176b88000,0x0000000176b90000)
  to   space 10752K, 0% used [0x0000000175690000,0x0000000175690000,0x0000000176110000)
 ParOldGen       total 302272K, used 247625K [0x000000010b700000, 0x000000011de30000, 0x000000015c700000)
  object space 302272K, 81% used [0x000000010b700000,0x000000011a8d2650,0x000000011de30000)
 PSPermGen       total 49152K, used 34497K [0x0000000106500000, 0x0000000109500000, 0x000000010b700000)
  object space 49152K, 70% used [0x0000000106500000,0x00000001086b0680,0x0000000109500000)
}
Event: 403174.570 GC heap before
{Heap before GC invocations=273936 (full 11):
 PSYoungGen      total 360448K, used 360416K [0x000000015c700000, 0x0000000176b90000, 0x0000000184f00000)
  eden space 360192K, 100% used [0x000000015c700000,0x00000001726c0000,0x00000001726c0000)
  from space 256K, 87% used [0x0000000176b50000,0x0000000176b88000,0x0000000176b90000)
  to   space 10752K, 0% used [0x0000000175690000,0x0000000175690000,0x0000000176110000)
 ParOldGen       total 302272K, used 247625K [0x000000010b700000, 0x000000011de30000, 0x000000015c700000)
  object space 302272K, 81% used [0x000000010b700000,0x000000011a8d2650,0x000000011de30000)
 PSPermGen       total 49152K, used 34497K [0x0000000106500000, 0x0000000109500000, 0x000000010b700000)
  object space 49152K, 70% used [0x0000000106500000,0x00000001086b0680,0x0000000109500000)
Event: 403174.574 GC heap after
Heap after GC invocations=273936 (full 11):
 PSYoungGen      total 358016K, used 160K [0x000000015c700000, 0x0000000176b60000, 0x0000000184f00000)
  eden space 347264K, 0% used [0x000000015c700000,0x000000015c700000,0x0000000171a20000)
  from space 10752K, 1% used [0x0000000175690000,0x00000001756b8000,0x0000000176110000)
  to   space 10304K, 0% used [0x0000000176150000,0x0000000176150000,0x0000000176b60000)
 ParOldGen       total 302272K, used 247625K [0x000000010b700000, 0x000000011de30000, 0x000000015c700000)
  object space 302272K, 81% used [0x000000010b700000,0x000000011a8d2650,0x000000011de30000)
 PSPermGen       total 49152K, used 34497K [0x0000000106500000, 0x0000000109500000, 0x000000010b700000)
  object space 49152K, 70% used [0x0000000106500000,0x00000001086b0680,0x0000000109500000)
}
Event: 403197.874 GC heap before
{Heap before GC invocations=273937 (full 11):
 PSYoungGen      total 358016K, used 347424K [0x000000015c700000, 0x0000000176b60000, 0x0000000184f00000)
  eden space 347264K, 100% used [0x000000015c700000,0x0000000171a20000,0x0000000171a20000)
  from space 10752K, 1% used [0x0000000175690000,0x00000001756b8000,0x0000000176110000)
  to   space 10304K, 0% used [0x0000000176150000,0x0000000176150000,0x0000000176b60000)
 ParOldGen       total 302272K, used 247625K [0x000000010b700000, 0x000000011de30000, 0x000000015c700000)
  object space 302272K, 81% used [0x000000010b700000,0x000000011a8d2650,0x000000011de30000)
 PSPermGen       total 49152K, used 34497K [0x0000000106500000, 0x0000000109500000, 0x000000010b700000)
  object space 49152K, 70% used [0x0000000106500000,0x00000001086b0680,0x0000000109500000)
Event: 403197.877 GC heap after
Heap after GC invocations=273937 (full 11):
 PSYoungGen      total 335168K, used 224K [0x000000015c700000, 0x0000000176190000, 0x0000000184f00000)
  eden space 334912K, 0% used [0x000000015c700000,0x000000015c700000,0x0000000170e10000)
  from space 256K, 87% used [0x0000000176150000,0x0000000176188000,0x0000000176190000)
  to   space 9856K, 0% used [0x0000000174e50000,0x0000000174e50000,0x00000001757f0000)
 ParOldGen       total 302272K, used 247625K [0x000000010b700000, 0x000000011de30000, 0x000000015c700000)
  object space 302272K, 81% used [0x000000010b700000,0x000000011a8d2650,0x000000011de30000)
 PSPermGen       total 49152K, used 34497K [0x0000000106500000, 0x0000000109500000, 0x000000010b700000)
  object space 49152K, 70% used [0x0000000106500000,0x00000001086b0680,0x0000000109500000)
}

